<?xml version="1.0" encoding="UTF-8"?>
<robot generator="Robot 7.1 (Python 3.12.3 on linux)" generated="2024-09-30T08:31:55.076258" rpa="false" schemaversion="5">
<suite id="s1" name="Scenario01-Formulário 'Transforme o atendimento e comunicação da sua empresa'" source="/home/robinson/Desktop/codigos_smartspace/SmartSpace_Robot/Scenario01-Formulário 'Transforme o atendimento e comunicação da sua empresa'.robot">
<test id="s1-t1" name="Case01: Validar obrigatoriedade do campo 'nome' do formulário 'Transforme o atendimento e comunicação da sua empresa'" line="48">
<kw name="Given Abrir portal SmartSpace">
<kw name="Open Browser" owner="SeleniumLibrary">
<msg time="2024-09-30T08:31:55.895210" level="INFO">Opening browser 'chrome' to base url 'https://smartspace.com.br/'.</msg>
<arg>${BASE_URL}</arg>
<arg>chrome</arg>
<doc>Opens a new browser instance to the optional ``url``.</doc>
<status status="PASS" start="2024-09-30T08:31:55.894732" elapsed="8.673023"/>
</kw>
<status status="PASS" start="2024-09-30T08:31:55.893138" elapsed="8.675029"/>
</kw>
<kw name="When Preencher campo email">
<kw name="Sleep" owner="BuiltIn">
<msg time="2024-09-30T08:32:07.574497" level="INFO">Slept 3 seconds.</msg>
<arg>3s</arg>
<doc>Pauses the test executed for the given time.</doc>
<status status="PASS" start="2024-09-30T08:32:04.573810" elapsed="3.001510"/>
</kw>
<kw name="Email" owner="FakerLibrary">
<msg time="2024-09-30T08:32:07.576866" level="INFO">${email} = vmoreira@example.net</msg>
<var>${email}</var>
<status status="PASS" start="2024-09-30T08:32:07.575936" elapsed="0.001221"/>
</kw>
<kw name="Input Text" owner="SeleniumLibrary">
<msg time="2024-09-30T08:32:07.578745" level="INFO">Typing text 'vmoreira@example.net' into text field 'css=[id^='rd-email_field-']'.</msg>
<arg>${input_email_by_id_prefix}</arg>
<arg>${email}</arg>
<doc>Types the given ``text`` into the text field identified by ``locator``.</doc>
<status status="PASS" start="2024-09-30T08:32:07.577602" elapsed="0.214523"/>
</kw>
<status status="PASS" start="2024-09-30T08:32:04.572946" elapsed="3.219979"/>
</kw>
<kw name="And Preencher campo phone">
<kw name="Sleep" owner="BuiltIn">
<msg time="2024-09-30T08:32:10.796581" level="INFO">Slept 3 seconds.</msg>
<arg>3s</arg>
<doc>Pauses the test executed for the given time.</doc>
<status status="PASS" start="2024-09-30T08:32:07.795922" elapsed="3.001015"/>
</kw>
<kw name="Input Text" owner="SeleniumLibrary">
<msg time="2024-09-30T08:32:10.797735" level="INFO">Typing text '99999999999' into text field 'css=[id^='rd-phone_field-']'.</msg>
<arg>${input_phone_by_id_prefix}</arg>
<arg>99999999999</arg>
<doc>Types the given ``text`` into the text field identified by ``locator``.</doc>
<status status="PASS" start="2024-09-30T08:32:10.797276" elapsed="0.183731"/>
</kw>
<status status="PASS" start="2024-09-30T08:32:07.795147" elapsed="3.186181"/>
</kw>
<kw name="And Selecionar item estado">
<kw name="Sleep" owner="BuiltIn">
<msg time="2024-09-30T08:32:13.983900" level="INFO">Slept 3 seconds.</msg>
<arg>3s</arg>
<doc>Pauses the test executed for the given time.</doc>
<status status="PASS" start="2024-09-30T08:32:10.983017" elapsed="3.001357"/>
</kw>
<kw name="Select From List By Value" owner="SeleniumLibrary">
<msg time="2024-09-30T08:32:13.985432" level="INFO">Selecting options from selection list 'css=[id^='rd-select_field-']' by value PB.</msg>
<arg>${select_estado_by_id_prefix}</arg>
<arg>PB</arg>
<doc>Selects options from selection list ``locator`` by ``values``.</doc>
<status status="PASS" start="2024-09-30T08:32:13.984764" elapsed="0.131491"/>
</kw>
<status status="PASS" start="2024-09-30T08:32:10.982418" elapsed="3.134177"/>
</kw>
<kw name="And Preencher campo empresa">
<kw name="Sleep" owner="BuiltIn">
<msg time="2024-09-30T08:32:17.120255" level="INFO">Slept 3 seconds.</msg>
<arg>3s</arg>
<doc>Pauses the test executed for the given time.</doc>
<status status="PASS" start="2024-09-30T08:32:14.119495" elapsed="3.001277"/>
</kw>
<kw name="Company" owner="FakerLibrary">
<msg time="2024-09-30T08:32:17.121732" level="INFO">${empresa} = Camargo</msg>
<var>${empresa}</var>
<doc>:example: 'Acme Ltd'</doc>
<status status="PASS" start="2024-09-30T08:32:17.121284" elapsed="0.000710"/>
</kw>
<kw name="Input Text" owner="SeleniumLibrary">
<msg time="2024-09-30T08:32:17.123154" level="INFO">Typing text 'Camargo' into text field 'id=rd-text_field-lza3jr5t'.</msg>
<arg>${input_empresa_by_id}</arg>
<arg>${empresa}</arg>
<doc>Types the given ``text`` into the text field identified by ``locator``.</doc>
<status status="PASS" start="2024-09-30T08:32:17.122454" elapsed="0.129424"/>
</kw>
<status status="PASS" start="2024-09-30T08:32:14.117869" elapsed="3.134304"/>
</kw>
<kw name="And Preencher campo cargo">
<kw name="Sleep" owner="BuiltIn">
<msg time="2024-09-30T08:32:20.258024" level="INFO">Slept 3 seconds.</msg>
<arg>3s</arg>
<doc>Pauses the test executed for the given time.</doc>
<status status="PASS" start="2024-09-30T08:32:17.253070" elapsed="3.005364"/>
</kw>
<kw name="Job" owner="FakerLibrary">
<msg time="2024-09-30T08:32:20.259126" level="INFO">${cargo} = Flautista</msg>
<var>${cargo}</var>
<status status="PASS" start="2024-09-30T08:32:20.258728" elapsed="0.000569"/>
</kw>
<kw name="Input Text" owner="SeleniumLibrary">
<msg time="2024-09-30T08:32:20.260271" level="INFO">Typing text 'Flautista' into text field 'id=rd-text_field-lza3jr5u'.</msg>
<arg>${input_cargo_by_id}</arg>
<arg>${cargo}</arg>
<doc>Types the given ``text`` into the text field identified by ``locator``.</doc>
<status status="PASS" start="2024-09-30T08:32:20.259570" elapsed="0.145809"/>
</kw>
<status status="PASS" start="2024-09-30T08:32:17.252601" elapsed="3.153138"/>
</kw>
<kw name="And Clicar botão enviar">
<kw name="Sleep" owner="BuiltIn">
<msg time="2024-09-30T08:32:23.408604" level="INFO">Slept 3 seconds.</msg>
<arg>3s</arg>
<doc>Pauses the test executed for the given time.</doc>
<status status="PASS" start="2024-09-30T08:32:20.407943" elapsed="3.001026"/>
</kw>
<kw name="Click Button" owner="SeleniumLibrary">
<msg time="2024-09-30T08:32:23.409749" level="INFO">Clicking button 'css=[id^='rd-button-']'.</msg>
<arg>${click_button_by_prefix}</arg>
<doc>Clicks the button identified by ``locator``.</doc>
<status status="PASS" start="2024-09-30T08:32:23.409292" elapsed="0.145855"/>
</kw>
<status status="PASS" start="2024-09-30T08:32:20.406984" elapsed="3.148475"/>
</kw>
<kw name="Wait Until Element Is Visible" owner="SeleniumLibrary">
<arg>css=div.bricks-form__field:nth-child(1) &gt; label:nth-child(3)</arg>
<arg>timeout=1s</arg>
<doc>Waits until the element ``locator`` is visible.</doc>
<status status="PASS" start="2024-09-30T08:32:23.556102" elapsed="0.248725"/>
</kw>
<kw name="Then Visualizar mensagem de nome obrigatório">
<kw name="Get Text" owner="SeleniumLibrary">
<msg time="2024-09-30T08:32:23.844013" level="INFO">${mensagem} = Campo obrigatório</msg>
<var>${mensagem}</var>
<arg>css=div.bricks-form__field:nth-child(1) &gt; label:nth-child(3)</arg>
<doc>Returns the text value of the element identified by ``locator``.</doc>
<status status="PASS" start="2024-09-30T08:32:23.805987" elapsed="0.038311"/>
</kw>
<kw name="Should Be Equal As Strings" owner="BuiltIn">
<arg>${mensagem}</arg>
<arg>Campo obrigatório</arg>
<doc>Fails if objects are unequal after converting them to strings.</doc>
<status status="PASS" start="2024-09-30T08:32:23.844643" elapsed="0.001054"/>
</kw>
<status status="PASS" start="2024-09-30T08:32:23.805407" elapsed="0.040789"/>
</kw>
<status status="PASS" start="2024-09-30T08:31:55.891965" elapsed="27.955352"/>
</test>
<status status="PASS" start="2024-09-30T08:31:55.097481" elapsed="28.754556"/>
</suite>
<statistics>
<total>
<stat pass="1" fail="0" skip="0">All Tests</stat>
</total>
<tag>
</tag>
<suite>
<stat pass="1" fail="0" skip="0" id="s1" name="Scenario01-Formulário 'Transforme o atendimento e comunicação da sua empresa'">Scenario01-Formulário 'Transforme o atendimento e comunicação da sua empresa'</stat>
</suite>
</statistics>
<errors>
</errors>
</robot>
